<?xml version="1.0" encoding="UTF-8"?><testsuite errors="0" failures="0" name="com.localhost.prodcutinfo.ProductCurdTest" skipped="0" tests="4" time="1.09" timestamp="2022-06-20T18:04:56.866+01:00[Europe/London]"><testcase classname="com.localhost.prodcutinfo.ProductCurdTest" name="this will creat new product "/><testcase classname="com.localhost.prodcutinfo.ProductCurdTest" name="This will fatch the product by id "/><testcase classname="com.localhost.prodcutinfo.ProductCurdTest" name="this will update  product "/><testcase classname="com.localhost.prodcutinfo.ProductCurdTest" name="This will delete product "/></testsuite>